[2025-03-26 03:49:01,253] INFO [GroupCoordinator 2]: Preparing to rebalance group test-consumer-group in state PreparingRebalance with old generation 238 (__consumer_offsets-31) (reason: Adding new member consumer@df2a6480c1f5 (github.com/segmentio/kafka-go)-ef8f8ebb-9133-4b05-9fbe-c9560f12261c with group instance id None; client reason: not provided) (kafka.coordinator.group.GroupCoordinator)
[2025-03-26 03:49:01,254] INFO [GroupCoordinator 2]: Dynamic Member with unknown member id joins group test-consumer-group in PreparingRebalance state. Created a new member id consumer@df2a6480c1f5 (github.com/segmentio/kafka-go)-bcaa81e6-a73c-4edb-9e0f-dc3e3371c2b6 for this member and add to the group. (kafka.coordinator.group.GroupCoordinator)
[2025-03-26 03:49:01,255] INFO [GroupCoordinator 2]: Dynamic Member with unknown member id joins group test-consumer-group in PreparingRebalance state. Created a new member id consumer@df2a6480c1f5 (github.com/segmentio/kafka-go)-7ec52282-b48f-44f6-b989-8acfdd8c9277 for this member and add to the group. (kafka.coordinator.group.GroupCoordinator)
[2025-03-26 03:49:01,256] INFO [GroupCoordinator 2]: Dynamic Member with unknown member id joins group test-consumer-group in PreparingRebalance state. Created a new member id consumer@df2a6480c1f5 (github.com/segmentio/kafka-go)-af75524c-e7c5-4f8b-8b61-2c307d0f557f for this member and add to the group. (kafka.coordinator.group.GroupCoordinator)
[2025-03-26 03:49:01,256] INFO [GroupCoordinator 2]: Dynamic Member with unknown member id joins group test-consumer-group in PreparingRebalance state. Created a new member id consumer@df2a6480c1f5 (github.com/segmentio/kafka-go)-2ed8d258-40fd-416d-aa95-06c38475fcb4 for this member and add to the group. (kafka.coordinator.group.GroupCoordinator)
[2025-03-26 03:49:01,256] INFO [GroupCoordinator 2]: Dynamic Member with unknown member id joins group test-consumer-group in PreparingRebalance state. Created a new member id consumer@df2a6480c1f5 (github.com/segmentio/kafka-go)-69bc0965-49fb-4394-9390-f8c59be94b4a for this member and add to the group. (kafka.coordinator.group.GroupCoordinator)
[2025-03-26 03:49:01,256] INFO [GroupCoordinator 2]: Dynamic Member with unknown member id joins group test-consumer-group in PreparingRebalance state. Created a new member id consumer@df2a6480c1f5 (github.com/segmentio/kafka-go)-f1ec6e97-f7bd-41af-ba37-19b9cb1360ed for this member and add to the group. (kafka.coordinator.group.GroupCoordinator)
[2025-03-26 03:49:01,256] INFO [GroupCoordinator 2]: Dynamic Member with unknown member id joins group test-consumer-group in PreparingRebalance state. Created a new member id consumer@df2a6480c1f5 (github.com/segmentio/kafka-go)-7e940b55-06db-4dfc-9af5-69cdf1026c51 for this member and add to the group. (kafka.coordinator.group.GroupCoordinator)
[2025-03-26 03:49:01,257] INFO [GroupCoordinator 2]: Dynamic Member with unknown member id joins group test-consumer-group in PreparingRebalance state. Created a new member id consumer@df2a6480c1f5 (github.com/segmentio/kafka-go)-723d9ec7-9a5d-4dd3-b8cd-6ab8c002a8a6 for this member and add to the group. (kafka.coordinator.group.GroupCoordinator)
[2025-03-26 03:49:01,257] INFO [GroupCoordinator 2]: Dynamic Member with unknown member id joins group test-consumer-group in PreparingRebalance state. Created a new member id consumer@df2a6480c1f5 (github.com/segmentio/kafka-go)-bf6aee7a-adda-4807-aa06-5c2c2390b1fd for this member and add to the group. (kafka.coordinator.group.GroupCoordinator)
[2025-03-26 03:49:01,257] INFO [GroupCoordinator 2]: Dynamic Member with unknown member id joins group test-consumer-group in PreparingRebalance state. Created a new member id consumer@df2a6480c1f5 (github.com/segmentio/kafka-go)-04dd1c88-a561-4c87-af2c-bd9aa0311323 for this member and add to the group. (kafka.coordinator.group.GroupCoordinator)
[2025-03-26 03:49:01,257] INFO [GroupCoordinator 2]: Dynamic Member with unknown member id joins group test-consumer-group in PreparingRebalance state. Created a new member id consumer@df2a6480c1f5 (github.com/segmentio/kafka-go)-50d5d606-31ea-48ee-90ee-f28e240430c0 for this member and add to the group. (kafka.coordinator.group.GroupCoordinator)
[2025-03-26 03:49:01,257] INFO [GroupCoordinator 2]: Dynamic Member with unknown member id joins group test-consumer-group in PreparingRebalance state. Created a new member id consumer@df2a6480c1f5 (github.com/segmentio/kafka-go)-2988a719-abfd-4afb-a4de-d60f1b52df90 for this member and add to the group. (kafka.coordinator.group.GroupCoordinator)
[2025-03-26 03:49:01,257] INFO [GroupCoordinator 2]: Dynamic Member with unknown member id joins group test-consumer-group in PreparingRebalance state. Created a new member id consumer@df2a6480c1f5 (github.com/segmentio/kafka-go)-6edd030b-9668-4e7b-af03-ec7c2f363d29 for this member and add to the group. (kafka.coordinator.group.GroupCoordinator)
[2025-03-26 03:49:01,258] INFO [GroupCoordinator 2]: Dynamic Member with unknown member id joins group test-consumer-group in PreparingRebalance state. Created a new member id consumer@df2a6480c1f5 (github.com/segmentio/kafka-go)-786e2897-41a3-448b-9baa-461a8e7356b4 for this member and add to the group. (kafka.coordinator.group.GroupCoordinator)
[2025-03-26 03:49:01,258] INFO [GroupCoordinator 2]: Dynamic Member with unknown member id joins group test-consumer-group in PreparingRebalance state. Created a new member id consumer@df2a6480c1f5 (github.com/segmentio/kafka-go)-b4ac50a9-2743-4ea4-a7ab-e5448147835a for this member and add to the group. (kafka.coordinator.group.GroupCoordinator)
[2025-03-26 03:49:01,258] INFO [GroupCoordinator 2]: Dynamic Member with unknown member id joins group test-consumer-group in PreparingRebalance state. Created a new member id consumer@df2a6480c1f5 (github.com/segmentio/kafka-go)-0abeffb4-cab7-4214-9ccc-85195e2ae9bb for this member and add to the group. (kafka.coordinator.group.GroupCoordinator)
[2025-03-26 03:49:01,258] INFO [GroupCoordinator 2]: Dynamic Member with unknown member id joins group test-consumer-group in PreparingRebalance state. Created a new member id consumer@df2a6480c1f5 (github.com/segmentio/kafka-go)-9e0f6af2-fa67-4bb4-9222-4cd70c196076 for this member and add to the group. (kafka.coordinator.group.GroupCoordinator)
[2025-03-26 03:49:01,258] INFO [GroupCoordinator 2]: Dynamic Member with unknown member id joins group test-consumer-group in PreparingRebalance state. Created a new member id consumer@df2a6480c1f5 (github.com/segmentio/kafka-go)-78cf5b9b-253b-4560-a388-1ff397fdbc1d for this member and add to the group. (kafka.coordinator.group.GroupCoordinator)
[2025-03-26 03:49:01,258] INFO [GroupCoordinator 2]: Dynamic Member with unknown member id joins group test-consumer-group in PreparingRebalance state. Created a new member id consumer@df2a6480c1f5 (github.com/segmentio/kafka-go)-0c97fffb-da29-421a-af95-992b9957dd6a for this member and add to the group. (kafka.coordinator.group.GroupCoordinator)
[2025-03-26 03:49:01,259] INFO [GroupCoordinator 2]: Dynamic Member with unknown member id joins group test-consumer-group in PreparingRebalance state. Created a new member id consumer@df2a6480c1f5 (github.com/segmentio/kafka-go)-51fd895e-2424-4466-8bf1-d39eb15c3d32 for this member and add to the group. (kafka.coordinator.group.GroupCoordinator)
[2025-03-26 03:49:01,259] INFO [GroupCoordinator 2]: Dynamic Member with unknown member id joins group test-consumer-group in PreparingRebalance state. Created a new member id consumer@df2a6480c1f5 (github.com/segmentio/kafka-go)-8bd3f7c0-c7ae-4b53-a8bc-de8538dadbac for this member and add to the group. (kafka.coordinator.group.GroupCoordinator)
[2025-03-26 03:49:01,259] INFO [GroupCoordinator 2]: Dynamic Member with unknown member id joins group test-consumer-group in PreparingRebalance state. Created a new member id consumer@df2a6480c1f5 (github.com/segmentio/kafka-go)-650c12dd-0d48-4012-9f9f-85b29efce4de for this member and add to the group. (kafka.coordinator.group.GroupCoordinator)
[2025-03-26 03:49:01,259] INFO [GroupCoordinator 2]: Dynamic Member with unknown member id joins group test-consumer-group in PreparingRebalance state. Created a new member id consumer@df2a6480c1f5 (github.com/segmentio/kafka-go)-24be8920-666e-435d-bc8d-dd351c6071fc for this member and add to the group. (kafka.coordinator.group.GroupCoordinator)
[2025-03-26 03:49:01,259] INFO [GroupCoordinator 2]: Dynamic Member with unknown member id joins group test-consumer-group in PreparingRebalance state. Created a new member id consumer@df2a6480c1f5 (github.com/segmentio/kafka-go)-43c9df3f-ff72-416e-bae1-d30f982da674 for this member and add to the group. (kafka.coordinator.group.GroupCoordinator)
[2025-03-26 03:49:01,260] INFO [GroupCoordinator 2]: Dynamic Member with unknown member id joins group test-consumer-group in PreparingRebalance state. Created a new member id consumer@df2a6480c1f5 (github.com/segmentio/kafka-go)-220dcdc2-676d-4044-8540-7301ef1167f0 for this member and add to the group. (kafka.coordinator.group.GroupCoordinator)
[2025-03-26 03:49:01,260] INFO [GroupCoordinator 2]: Dynamic Member with unknown member id joins group test-consumer-group in PreparingRebalance state. Created a new member id consumer@df2a6480c1f5 (github.com/segmentio/kafka-go)-ad375c9e-5d87-4f3b-be76-af5621a787ff for this member and add to the group. (kafka.coordinator.group.GroupCoordinator)
[2025-03-26 03:49:01,260] INFO [GroupCoordinator 2]: Dynamic Member with unknown member id joins group test-consumer-group in PreparingRebalance state. Created a new member id consumer@df2a6480c1f5 (github.com/segmentio/kafka-go)-587b43bd-71b9-484b-b967-1c56bcfa1b39 for this member and add to the group. (kafka.coordinator.group.GroupCoordinator)
[2025-03-26 03:49:01,260] INFO [GroupCoordinator 2]: Dynamic Member with unknown member id joins group test-consumer-group in PreparingRebalance state. Created a new member id consumer@df2a6480c1f5 (github.com/segmentio/kafka-go)-12a68bd0-8bda-4b6f-9c06-6e19a3530a04 for this member and add to the group. (kafka.coordinator.group.GroupCoordinator)
[2025-03-26 03:49:01,260] INFO [GroupCoordinator 2]: Dynamic Member with unknown member id joins group test-consumer-group in PreparingRebalance state. Created a new member id consumer@df2a6480c1f5 (github.com/segmentio/kafka-go)-39111e38-012d-4239-9df0-0efef87f489e for this member and add to the group. (kafka.coordinator.group.GroupCoordinator)
[2025-03-26 03:49:01,260] INFO [GroupCoordinator 2]: Dynamic Member with unknown member id joins group test-consumer-group in PreparingRebalance state. Created a new member id consumer@df2a6480c1f5 (github.com/segmentio/kafka-go)-f9f97752-19e2-4076-8fab-045fc84581ca for this member and add to the group. (kafka.coordinator.group.GroupCoordinator)
[2025-03-26 03:49:01,261] INFO [GroupCoordinator 2]: Dynamic Member with unknown member id joins group test-consumer-group in PreparingRebalance state. Created a new member id consumer@df2a6480c1f5 (github.com/segmentio/kafka-go)-347818a4-4cfa-4710-9776-b4a1d7d6aa2b for this member and add to the group. (kafka.coordinator.group.GroupCoordinator)
[2025-03-26 03:49:01,261] INFO [GroupCoordinator 2]: Dynamic Member with unknown member id joins group test-consumer-group in PreparingRebalance state. Created a new member id consumer@df2a6480c1f5 (github.com/segmentio/kafka-go)-0cec1e81-ee62-4152-b0fb-ae3084814760 for this member and add to the group. (kafka.coordinator.group.GroupCoordinator)
[2025-03-26 03:49:01,261] INFO [GroupCoordinator 2]: Dynamic Member with unknown member id joins group test-consumer-group in PreparingRebalance state. Created a new member id consumer@df2a6480c1f5 (github.com/segmentio/kafka-go)-10c69033-d3ac-4b1f-845a-f919b97dd9d0 for this member and add to the group. (kafka.coordinator.group.GroupCoordinator)
[2025-03-26 03:49:01,261] INFO [GroupCoordinator 2]: Dynamic Member with unknown member id joins group test-consumer-group in PreparingRebalance state. Created a new member id consumer@df2a6480c1f5 (github.com/segmentio/kafka-go)-d90d3571-b4e4-4f79-95b4-f5001245ca88 for this member and add to the group. (kafka.coordinator.group.GroupCoordinator)
[2025-03-26 03:49:01,261] INFO [GroupCoordinator 2]: Dynamic Member with unknown member id joins group test-consumer-group in PreparingRebalance state. Created a new member id consumer@df2a6480c1f5 (github.com/segmentio/kafka-go)-ce038a27-81e6-4925-b360-f16245d42e3a for this member and add to the group. (kafka.coordinator.group.GroupCoordinator)
[2025-03-26 03:49:01,261] INFO [GroupCoordinator 2]: Dynamic Member with unknown member id joins group test-consumer-group in PreparingRebalance state. Created a new member id consumer@df2a6480c1f5 (github.com/segmentio/kafka-go)-7216f10a-6179-451e-8e67-4ae07770a2dc for this member and add to the group. (kafka.coordinator.group.GroupCoordinator)
[2025-03-26 03:49:01,261] INFO [GroupCoordinator 2]: Dynamic Member with unknown member id joins group test-consumer-group in PreparingRebalance state. Created a new member id consumer@df2a6480c1f5 (github.com/segmentio/kafka-go)-1aeaf9a2-ad6a-4b6d-80d4-6340ae3e0fdd for this member and add to the group. (kafka.coordinator.group.GroupCoordinator)
[2025-03-26 03:49:01,262] INFO [GroupCoordinator 2]: Dynamic Member with unknown member id joins group test-consumer-group in PreparingRebalance state. Created a new member id consumer@df2a6480c1f5 (github.com/segmentio/kafka-go)-653f6ca0-c322-4d01-a4f7-63545c2240bf for this member and add to the group. (kafka.coordinator.group.GroupCoordinator)
[2025-03-26 03:49:01,262] INFO [GroupCoordinator 2]: Dynamic Member with unknown member id joins group test-consumer-group in PreparingRebalance state. Created a new member id consumer@df2a6480c1f5 (github.com/segmentio/kafka-go)-dd969718-8943-4b98-94eb-eb34d510acf6 for this member and add to the group. (kafka.coordinator.group.GroupCoordinator)
[2025-03-26 03:49:01,262] INFO [GroupCoordinator 2]: Dynamic Member with unknown member id joins group test-consumer-group in PreparingRebalance state. Created a new member id consumer@df2a6480c1f5 (github.com/segmentio/kafka-go)-d1f1ce62-b14a-4a14-a311-0cd81ef093a9 for this member and add to the group. (kafka.coordinator.group.GroupCoordinator)
[2025-03-26 03:49:01,262] INFO [GroupCoordinator 2]: Dynamic Member with unknown member id joins group test-consumer-group in PreparingRebalance state. Created a new member id consumer@df2a6480c1f5 (github.com/segmentio/kafka-go)-3c09f1bd-9276-4792-ad5a-fb9eddfa021f for this member and add to the group. (kafka.coordinator.group.GroupCoordinator)
[2025-03-26 03:49:01,262] INFO [GroupCoordinator 2]: Dynamic Member with unknown member id joins group test-consumer-group in PreparingRebalance state. Created a new member id consumer@df2a6480c1f5 (github.com/segmentio/kafka-go)-bbd8b5cf-2f6b-42b0-927d-b3985443d5aa for this member and add to the group. (kafka.coordinator.group.GroupCoordinator)
[2025-03-26 03:49:01,262] INFO [GroupCoordinator 2]: Dynamic Member with unknown member id joins group test-consumer-group in PreparingRebalance state. Created a new member id consumer@df2a6480c1f5 (github.com/segmentio/kafka-go)-32b182cb-c73f-4a32-b1ae-d7e10a42b127 for this member and add to the group. (kafka.coordinator.group.GroupCoordinator)
[2025-03-26 03:49:01,262] INFO [GroupCoordinator 2]: Dynamic Member with unknown member id joins group test-consumer-group in PreparingRebalance state. Created a new member id consumer@df2a6480c1f5 (github.com/segmentio/kafka-go)-3ea77e75-a801-40b4-b5a4-a8e06f307f20 for this member and add to the group. (kafka.coordinator.group.GroupCoordinator)
[2025-03-26 03:49:01,263] INFO [GroupCoordinator 2]: Dynamic Member with unknown member id joins group test-consumer-group in PreparingRebalance state. Created a new member id consumer@df2a6480c1f5 (github.com/segmentio/kafka-go)-1ee841a8-05e7-4551-8519-baf2156e74c7 for this member and add to the group. (kafka.coordinator.group.GroupCoordinator)
[2025-03-26 03:49:01,263] INFO [GroupCoordinator 2]: Dynamic Member with unknown member id joins group test-consumer-group in PreparingRebalance state. Created a new member id consumer@df2a6480c1f5 (github.com/segmentio/kafka-go)-4c9502b8-ade5-4e36-bcd6-0e873fdab36b for this member and add to the group. (kafka.coordinator.group.GroupCoordinator)
[2025-03-26 03:49:01,263] INFO [GroupCoordinator 2]: Dynamic Member with unknown member id joins group test-consumer-group in PreparingRebalance state. Created a new member id consumer@df2a6480c1f5 (github.com/segmentio/kafka-go)-395b51f8-ff52-4e05-ac3e-f99d04818656 for this member and add to the group. (kafka.coordinator.group.GroupCoordinator)
[2025-03-26 03:49:01,263] INFO [GroupCoordinator 2]: Dynamic Member with unknown member id joins group test-consumer-group in PreparingRebalance state. Created a new member id consumer@df2a6480c1f5 (github.com/segmentio/kafka-go)-d60548d5-b118-4e58-a4ad-224196980cfe for this member and add to the group. (kafka.coordinator.group.GroupCoordinator)
[2025-03-26 03:49:01,263] INFO [GroupCoordinator 2]: Dynamic Member with unknown member id joins group test-consumer-group in PreparingRebalance state. Created a new member id consumer@df2a6480c1f5 (github.com/segmentio/kafka-go)-8caa33ff-0d27-4ee2-85a6-d14c77a87e5e for this member and add to the group. (kafka.coordinator.group.GroupCoordinator)
[2025-03-26 03:49:03,357] WARN [SocketServer listenerType=ZK_BROKER, nodeId=2] Unexpected error from /172.19.0.10 (channelId=172.19.0.4:9093-172.19.0.10:44512-0); closing connection (org.apache.kafka.common.network.Selector)
org.apache.kafka.common.network.InvalidReceiveException: Invalid receive (size = 1195725856 larger than 104857600)
	at org.apache.kafka.common.network.NetworkReceive.readFrom(NetworkReceive.java:105)
	at org.apache.kafka.common.network.KafkaChannel.receive(KafkaChannel.java:452)
	at org.apache.kafka.common.network.KafkaChannel.read(KafkaChannel.java:402)
	at org.apache.kafka.common.network.Selector.attemptRead(Selector.java:674)
	at org.apache.kafka.common.network.Selector.pollSelectionKeys(Selector.java:576)
	at org.apache.kafka.common.network.Selector.poll(Selector.java:481)
	at kafka.network.Processor.poll(SocketServer.scala:1055)
	at kafka.network.Processor.run(SocketServer.scala:959)
	at java.base/java.lang.Thread.run(Thread.java:829)
[2025-03-26 03:49:06,261] INFO [GroupCoordinator 2]: Group test-consumer-group removed dynamic members who haven't joined: Set(consumer@df2a6480c1f5 (github.com/segmentio/kafka-go)-fab3ba1f-3968-4fc8-b75b-b6582dc41fc3, consumer@df2a6480c1f5 (github.com/segmentio/kafka-go)-ad7d3c3d-e254-48f7-a50c-96b92fb31ecd, consumer@df2a6480c1f5 (github.com/segmentio/kafka-go)-227264d3-1e89-40d8-a102-0574ed195f48, consumer@df2a6480c1f5 (github.com/segmentio/kafka-go)-aa50298f-bd8d-4d47-8018-81acb411ea32, consumer@df2a6480c1f5 (github.com/segmentio/kafka-go)-9e930bc8-24ce-457b-8341-ab3b2da7054f, consumer@df2a6480c1f5 (github.com/segmentio/kafka-go)-2174bf11-7bdb-41a8-84b9-614380c71328, consumer@df2a6480c1f5 (github.com/segmentio/kafka-go)-a0ff7d49-f31f-47e8-b5c6-d0d3a79619c7, consumer@df2a6480c1f5 (github.com/segmentio/kafka-go)-500dccd3-0bb6-46c4-98af-ff0e3e4d2ee0, consumer@df2a6480c1f5 (github.com/segmentio/kafka-go)-7e1522e0-60a8-40d9-b0e8-b6800d010fa1, consumer@df2a6480c1f5 (github.com/segmentio/kafka-go)-69404551-d272-4cc5-9bbe-5f8385ad942b, consumer@df2a6480c1f5 (github.com/segmentio/kafka-go)-90aa06fa-42f5-40de-a668-1296fc640c56, consumer@df2a6480c1f5 (github.com/segmentio/kafka-go)-9a724908-92fd-4e02-af54-c4c9e3700111, consumer@df2a6480c1f5 (github.com/segmentio/kafka-go)-b02b4bad-0887-4211-9d63-2c0b991f8bbe, consumer@df2a6480c1f5 (github.com/segmentio/kafka-go)-0cb1e280-8cd2-4685-b584-fccac833b6ed, consumer@df2a6480c1f5 (github.com/segmentio/kafka-go)-ef078515-dded-4116-b15a-f67602033136, consumer@df2a6480c1f5 (github.com/segmentio/kafka-go)-6e6ab2a6-30ee-4a14-b270-5cc6dc978f7d, consumer@df2a6480c1f5 (github.com/segmentio/kafka-go)-badb4265-8860-439c-8972-7c74cd82e0c4, consumer@df2a6480c1f5 (github.com/segmentio/kafka-go)-1c6983f4-c59a-4703-8ed0-4be351fd9e6a, consumer@df2a6480c1f5 (github.com/segmentio/kafka-go)-705d8803-da0a-4b4a-88d0-c7783983e0a3, consumer@df2a6480c1f5 (github.com/segmentio/kafka-go)-8277a0be-a6e3-4e8e-8d86-f20420e0b89f, consumer@df2a6480c1f5 (github.com/segmentio/kafka-go)-2f096797-b8ab-4d90-9071-68ce0ff10977, consumer@df2a6480c1f5 (github.com/segmentio/kafka-go)-4f5fdda7-3221-469a-8903-187b8b902bda, consumer@df2a6480c1f5 (github.com/segmentio/kafka-go)-5110f2d6-c709-41ba-8ce5-9a4a9214ba21, consumer@df2a6480c1f5 (github.com/segmentio/kafka-go)-e2713b0f-edb4-48fc-bdaa-eea1c7337636, consumer@df2a6480c1f5 (github.com/segmentio/kafka-go)-f1a34a41-8eb1-4e7e-a63b-14a41d8dc5fd, consumer@df2a6480c1f5 (github.com/segmentio/kafka-go)-43d4f531-cec7-45f7-b2ba-eef00844dbf0, consumer@df2a6480c1f5 (github.com/segmentio/kafka-go)-874bc63d-5d5b-471b-9c6f-b57643915a5d, consumer@df2a6480c1f5 (github.com/segmentio/kafka-go)-d8d77b09-5683-443c-9521-8c0bb15b9711, consumer@df2a6480c1f5 (github.com/segmentio/kafka-go)-ed9df707-3c40-4d5b-9f42-5a0d2d967017, consumer@df2a6480c1f5 (github.com/segmentio/kafka-go)-359e83f1-3719-4752-8875-dd74d4e1686f, consumer@df2a6480c1f5 (github.com/segmentio/kafka-go)-49b17208-563c-4e3c-9504-47934ab2d335, consumer@df2a6480c1f5 (github.com/segmentio/kafka-go)-57ed5c53-9a5f-41ca-86fd-c2531feda47f, consumer@df2a6480c1f5 (github.com/segmentio/kafka-go)-aeff26f1-c95c-462b-9b9a-8a76293951eb, consumer@df2a6480c1f5 (github.com/segmentio/kafka-go)-533d8975-86f6-4328-8f0f-a9452b50e194, consumer@df2a6480c1f5 (github.com/segmentio/kafka-go)-5d09e47b-8e21-4cf9-906f-89cef4e0a715, consumer@df2a6480c1f5 (github.com/segmentio/kafka-go)-9d433eaf-d7ab-466a-ac4a-3854009a3fc5, consumer@df2a6480c1f5 (github.com/segmentio/kafka-go)-3584cbf8-f692-41ac-ae0c-c98cb3e093de, consumer@df2a6480c1f5 (github.com/segmentio/kafka-go)-a35f526b-7522-4618-aa0a-f97534bcf31f, consumer@df2a6480c1f5 (github.com/segmentio/kafka-go)-78bfbab2-7ddf-4b74-abd1-0e28db9ae4d1, consumer@df2a6480c1f5 (github.com/segmentio/kafka-go)-0df0f931-ff42-49a5-a085-aea9504f89d8, consumer@df2a6480c1f5 (github.com/segmentio/kafka-go)-8112d6d8-f4b3-4eed-b335-3eafeb829655, consumer@df2a6480c1f5 (github.com/segmentio/kafka-go)-a023ec81-a9c3-4ac6-887f-7a56079df80b, consumer@df2a6480c1f5 (github.com/segmentio/kafka-go)-ea9397b5-d119-4d0b-ba84-38d7c47984e6, consumer@df2a6480c1f5 (github.com/segmentio/kafka-go)-5b37fc03-a5bc-4eba-8fc5-85ebfd894215, consumer@df2a6480c1f5 (github.com/segmentio/kafka-go)-3c25a71d-1dcd-4aaf-9ab9-896a0d7342c1, consumer@df2a6480c1f5 (github.com/segmentio/kafka-go)-5dff0221-18c8-47c2-b64b-0fd54b01e12a, consumer@df2a6480c1f5 (github.com/segmentio/kafka-go)-320e7d77-1b9e-4737-8d47-6fdc70bdb633, consumer@df2a6480c1f5 (github.com/segmentio/kafka-go)-b07c1659-0ebe-426d-800a-f6972db0c5c6, consumer@df2a6480c1f5 (github.com/segmentio/kafka-go)-83872dfa-e9f1-4def-8cf2-fdb07351af71, consumer@df2a6480c1f5 (github.com/segmentio/kafka-go)-e666c5f4-f62e-4d11-93c5-2f36ec27db2c) (kafka.coordinator.group.GroupCoordinator)
[2025-03-26 03:49:06,287] INFO [GroupCoordinator 2]: Stabilized group test-consumer-group generation 239 (__consumer_offsets-31) with 50 members (kafka.coordinator.group.GroupCoordinator)
[2025-03-26 03:49:06,309] INFO [GroupCoordinator 2]: Assignment received from leader consumer@df2a6480c1f5 (github.com/segmentio/kafka-go)-bf6aee7a-adda-4807-aa06-5c2c2390b1fd for group test-consumer-group for generation 239. The group has 50 members, 0 of which are static. (kafka.coordinator.group.GroupCoordinator)
[2025-03-26 03:49:18,359] WARN [SocketServer listenerType=ZK_BROKER, nodeId=2] Unexpected error from /172.19.0.10 (channelId=172.19.0.4:9093-172.19.0.10:48708-0); closing connection (org.apache.kafka.common.network.Selector)
org.apache.kafka.common.network.InvalidReceiveException: Invalid receive (size = 1195725856 larger than 104857600)
	at org.apache.kafka.common.network.NetworkReceive.readFrom(NetworkReceive.java:105)
	at org.apache.kafka.common.network.KafkaChannel.receive(KafkaChannel.java:452)
	at org.apache.kafka.common.network.KafkaChannel.read(KafkaChannel.java:402)
	at org.apache.kafka.common.network.Selector.attemptRead(Selector.java:674)
	at org.apache.kafka.common.network.Selector.pollSelectionKeys(Selector.java:576)
	at org.apache.kafka.common.network.Selector.poll(Selector.java:481)
	at kafka.network.Processor.poll(SocketServer.scala:1055)
	at kafka.network.Processor.run(SocketServer.scala:959)
	at java.base/java.lang.Thread.run(Thread.java:829)
[2025-03-26 03:49:33,359] WARN [SocketServer listenerType=ZK_BROKER, nodeId=2] Unexpected error from /172.19.0.10 (channelId=172.19.0.4:9093-172.19.0.10:54126-0); closing connection (org.apache.kafka.common.network.Selector)
org.apache.kafka.common.network.InvalidReceiveException: Invalid receive (size = 1195725856 larger than 104857600)
	at org.apache.kafka.common.network.NetworkReceive.readFrom(NetworkReceive.java:105)
	at org.apache.kafka.common.network.KafkaChannel.receive(KafkaChannel.java:452)
	at org.apache.kafka.common.network.KafkaChannel.read(KafkaChannel.java:402)
	at org.apache.kafka.common.network.Selector.attemptRead(Selector.java:674)
	at org.apache.kafka.common.network.Selector.pollSelectionKeys(Selector.java:576)
	at org.apache.kafka.common.network.Selector.poll(Selector.java:481)
	at kafka.network.Processor.poll(SocketServer.scala:1055)
	at kafka.network.Processor.run(SocketServer.scala:959)
	at java.base/java.lang.Thread.run(Thread.java:829)
[2025-03-26 03:49:48,354] WARN [SocketServer listenerType=ZK_BROKER, nodeId=2] Unexpected error from /172.19.0.10 (channelId=172.19.0.4:9093-172.19.0.10:36356-1); closing connection (org.apache.kafka.common.network.Selector)
org.apache.kafka.common.network.InvalidReceiveException: Invalid receive (size = 1195725856 larger than 104857600)
	at org.apache.kafka.common.network.NetworkReceive.readFrom(NetworkReceive.java:105)
	at org.apache.kafka.common.network.KafkaChannel.receive(KafkaChannel.java:452)
	at org.apache.kafka.common.network.KafkaChannel.read(KafkaChannel.java:402)
	at org.apache.kafka.common.network.Selector.attemptRead(Selector.java:674)
	at org.apache.kafka.common.network.Selector.pollSelectionKeys(Selector.java:576)
	at org.apache.kafka.common.network.Selector.poll(Selector.java:481)
	at kafka.network.Processor.poll(SocketServer.scala:1055)
	at kafka.network.Processor.run(SocketServer.scala:959)
	at java.base/java.lang.Thread.run(Thread.java:829)
[2025-03-26 03:50:03,354] WARN [SocketServer listenerType=ZK_BROKER, nodeId=2] Unexpected error from /172.19.0.10 (channelId=172.19.0.4:9093-172.19.0.10:56152-1); closing connection (org.apache.kafka.common.network.Selector)
org.apache.kafka.common.network.InvalidReceiveException: Invalid receive (size = 1195725856 larger than 104857600)
	at org.apache.kafka.common.network.NetworkReceive.readFrom(NetworkReceive.java:105)
	at org.apache.kafka.common.network.KafkaChannel.receive(KafkaChannel.java:452)
